2016-07-30 16:35:44 Workerman[start.php] start in DEBUG mode
2016-07-30 16:43:28 Workerman[start.php] Stopping ...
2016-07-30 16:43:28 Workerman[start.php] has been stopped
2016-07-30 16:45:30 Workerman[start.php] start in DEBUG mode
2016-07-30 16:45:30 WORKER EXIT UNEXPECTED 
2016-07-30 16:45:30 worker[none:387] exit with status 64000
2016-07-30 16:45:30 WORKER EXIT UNEXPECTED 
2016-07-30 16:45:30 worker[none:388] exit with status 64000
2016-07-30 16:45:30 WORKER EXIT UNEXPECTED 
2016-07-30 16:45:30 worker[none:389] exit with status 64000
2016-07-30 16:45:30 WORKER EXIT UNEXPECTED 
2016-07-30 16:45:30 worker[none:390] exit with status 64000
2016-07-30 16:45:30 WORKER EXIT UNEXPECTED 
2016-07-30 16:45:30 worker[none:391] exit with status 64000
2016-07-30 16:45:30 WORKER EXIT UNEXPECTED 
2016-07-30 16:45:30 worker[none:392] exit with status 64000
2016-07-30 16:45:30 WORKER EXIT UNEXPECTED 
2016-07-30 16:45:30 worker[none:393] exit with status 64000
2016-07-30 16:45:30 WORKER EXIT UNEXPECTED 
2016-07-30 16:45:30 worker[none:394] exit with status 64000
2016-07-30 16:45:30 WORKER EXIT UNEXPECTED 
2016-07-30 16:45:30 worker[none:395] exit with status 64000
2016-07-30 16:45:30 WORKER EXIT UNEXPECTED 
2016-07-30 16:45:30 worker[none:396] exit with status 64000
2016-07-30 16:45:30 WORKER EXIT UNEXPECTED 
2016-07-30 16:45:30 worker[none:397] exit with status 64000
2016-07-30 16:45:30 WORKER EXIT UNEXPECTED 
2016-07-30 16:45:30 worker[none:398] exit with status 64000
2016-07-30 16:45:30 WORKER EXIT UNEXPECTED 
2016-07-30 16:45:30 worker[none:399] exit with status 64000
2016-07-30 16:45:30 WORKER EXIT UNEXPECTED 
2016-07-30 16:45:30 worker[none:400] exit with status 64000
2016-07-30 16:45:30 WORKER EXIT UNEXPECTED 
2016-07-30 16:45:30 worker[none:401] exit with status 64000
2016-07-30 16:45:30 WORKER EXIT UNEXPECTED 
2016-07-30 16:45:30 worker[none:402] exit with status 64000
2016-07-30 16:45:30 WORKER EXIT UNEXPECTED 
2016-07-30 16:45:30 worker[none:403] exit with status 64000
2016-07-30 16:45:30 WORKER EXIT UNEXPECTED 
2016-07-30 16:45:30 worker[none:404] exit with status 64000
2016-07-30 16:45:30 WORKER EXIT UNEXPECTED 
2016-07-30 16:45:30 worker[none:405] exit with status 64000
2016-07-30 16:45:30 WORKER EXIT UNEXPECTED 
2016-07-30 16:45:30 worker[none:406] exit with status 64000
2016-07-30 16:45:30 WORKER EXIT UNEXPECTED 
2016-07-30 16:45:30 worker[none:409] exit with status 64000
2016-07-30 16:45:30 WORKER EXIT UNEXPECTED 
2016-07-30 16:45:30 worker[none:417] exit with status 64000
2016-07-30 16:45:30 WORKER EXIT UNEXPECTED 
2016-07-30 16:45:30 worker[none:418] exit with status 64000
2016-07-30 16:45:30 WORKER EXIT UNEXPECTED 
2016-07-30 16:45:30 worker[none:419] exit with status 64000
2016-07-30 16:45:30 WORKER EXIT UNEXPECTED 
2016-07-30 16:45:30 worker[none:420] exit with status 64000
2016-07-30 16:45:30 WORKER EXIT UNEXPECTED 
2016-07-30 16:45:30 worker[none:421] exit with status 64000
2016-07-30 16:45:30 WORKER EXIT UNEXPECTED 
2016-07-30 16:45:30 worker[none:422] exit with status 64000
2016-07-30 16:45:30 WORKER EXIT UNEXPECTED 
2016-07-30 16:45:30 worker[none:423] exit with status 64000
2016-07-30 16:45:30 WORKER EXIT UNEXPECTED 
2016-07-30 16:45:30 worker[none:424] exit with status 64000
2016-07-30 16:45:30 WORKER EXIT UNEXPECTED 
2016-07-30 16:45:30 worker[none:425] exit with status 64000
2016-07-30 16:45:30 WORKER EXIT UNEXPECTED 
2016-07-30 16:45:30 worker[none:426] exit with status 64000
2016-07-30 16:45:30 WORKER EXIT UNEXPECTED 
2016-07-30 16:45:30 worker[none:427] exit with status 64000
2016-07-30 16:45:30 WORKER EXIT UNEXPECTED 
2016-07-30 16:45:30 worker[none:429] exit with status 64000
2016-07-30 16:45:30 WORKER EXIT UNEXPECTED 
2016-07-30 16:45:30 worker[none:430] exit with status 64000
2016-07-30 16:45:30 WORKER EXIT UNEXPECTED 
2016-07-30 16:45:30 worker[none:431] exit with status 64000
2016-07-30 16:45:30 WORKER EXIT UNEXPECTED 
2016-07-30 16:45:30 worker[none:432] exit with status 64000
2016-07-30 16:45:30 WORKER EXIT UNEXPECTED 
2016-07-30 16:45:30 worker[none:433] exit with status 64000
2016-07-30 16:45:30 WORKER EXIT UNEXPECTED 
2016-07-30 16:45:30 worker[none:434] exit with status 64000
2016-07-30 16:45:30 WORKER EXIT UNEXPECTED 
2016-07-30 16:45:30 worker[none:435] exit with status 64000
2016-07-30 16:45:30 WORKER EXIT UNEXPECTED 
2016-07-30 16:45:30 worker[none:436] exit with status 64000
2016-07-30 16:45:30 WORKER EXIT UNEXPECTED 
2016-07-30 16:45:30 worker[none:437] exit with status 64000
2016-07-30 16:45:30 WORKER EXIT UNEXPECTED 
2016-07-30 16:45:30 worker[none:438] exit with status 64000
2016-07-30 16:45:30 WORKER EXIT UNEXPECTED 
2016-07-30 16:45:30 worker[none:439] exit with status 64000
2016-07-30 16:45:30 WORKER EXIT UNEXPECTED 
2016-07-30 16:45:30 worker[none:440] exit with status 64000
2016-07-30 16:45:30 WORKER EXIT UNEXPECTED 
2016-07-30 16:45:30 worker[none:441] exit with status 64000
2016-07-30 16:45:30 WORKER EXIT UNEXPECTED 
2016-07-30 16:45:30 worker[none:442] exit with status 64000
2016-07-30 16:45:30 WORKER EXIT UNEXPECTED 
2016-07-30 16:45:30 worker[none:443] exit with status 64000
2016-07-30 16:45:30 WORKER EXIT UNEXPECTED 
2016-07-30 16:45:30 worker[none:444] exit with status 64000
2016-07-30 16:45:30 WORKER EXIT UNEXPECTED 
2016-07-30 16:45:30 worker[none:445] exit with status 64000
2016-07-30 16:45:30 WORKER EXIT UNEXPECTED 
2016-07-30 16:45:30 worker[none:446] exit with status 64000
2016-07-30 16:45:30 WORKER EXIT UNEXPECTED 
2016-07-30 16:45:30 worker[none:447] exit with status 64000
2016-07-30 16:45:30 WORKER EXIT UNEXPECTED 
2016-07-30 16:45:30 worker[none:448] exit with status 64000
2016-07-30 16:45:30 WORKER EXIT UNEXPECTED 
2016-07-30 16:45:30 worker[none:449] exit with status 64000
2016-07-30 16:45:30 WORKER EXIT UNEXPECTED 
2016-07-30 16:45:30 worker[none:450] exit with status 64000
2016-07-30 16:45:30 WORKER EXIT UNEXPECTED 
2016-07-30 16:45:30 worker[none:451] exit with status 64000
2016-07-30 16:45:30 WORKER EXIT UNEXPECTED 
2016-07-30 16:45:30 worker[none:452] exit with status 64000
2016-07-30 16:45:30 WORKER EXIT UNEXPECTED 
2016-07-30 16:45:30 worker[none:453] exit with status 64000
2016-07-30 16:45:30 WORKER EXIT UNEXPECTED 
2016-07-30 16:45:30 worker[none:454] exit with status 64000
2016-07-30 16:45:30 WORKER EXIT UNEXPECTED 
2016-07-30 16:45:30 worker[none:456] exit with status 64000
2016-07-30 16:45:30 WORKER EXIT UNEXPECTED 
2016-07-30 16:45:30 worker[none:457] exit with status 64000
2016-07-30 16:45:30 WORKER EXIT UNEXPECTED 
2016-07-30 16:45:30 worker[none:459] exit with status 64000
2016-07-30 16:45:30 WORKER EXIT UNEXPECTED 
2016-07-30 16:45:30 worker[none:460] exit with status 64000
2016-07-30 16:45:30 WORKER EXIT UNEXPECTED 
2016-07-30 16:45:30 worker[none:461] exit with status 64000
2016-07-30 16:45:30 WORKER EXIT UNEXPECTED 
2016-07-30 16:45:30 worker[none:462] exit with status 64000
2016-07-30 16:45:30 WORKER EXIT UNEXPECTED 
2016-07-30 16:45:30 worker[none:463] exit with status 64000
2016-07-30 16:45:30 WORKER EXIT UNEXPECTED 
2016-07-30 16:45:30 worker[none:464] exit with status 64000
2016-07-30 16:45:30 WORKER EXIT UNEXPECTED 
2016-07-30 16:45:30 worker[none:465] exit with status 64000
2016-07-30 16:45:30 WORKER EXIT UNEXPECTED 
2016-07-30 16:45:30 worker[none:466] exit with status 64000
2016-07-30 16:45:30 WORKER EXIT UNEXPECTED 
2016-07-30 16:45:30 worker[none:467] exit with status 64000
2016-07-30 16:45:30 WORKER EXIT UNEXPECTED 
2016-07-30 16:45:30 worker[none:468] exit with status 64000
2016-07-30 16:45:30 WORKER EXIT UNEXPECTED 
2016-07-30 16:45:30 worker[none:469] exit with status 64000
2016-07-30 16:45:30 WORKER EXIT UNEXPECTED 
2016-07-30 16:45:30 worker[none:470] exit with status 64000
2016-07-30 16:45:30 WORKER EXIT UNEXPECTED 
2016-07-30 16:45:30 worker[none:471] exit with status 64000
2016-07-30 16:45:30 WORKER EXIT UNEXPECTED 
2016-07-30 16:45:30 worker[none:472] exit with status 64000
2016-07-30 16:45:30 WORKER EXIT UNEXPECTED 
2016-07-30 16:45:30 worker[none:473] exit with status 64000
2016-07-30 16:45:30 WORKER EXIT UNEXPECTED 
2016-07-30 16:45:30 worker[none:474] exit with status 64000
2016-07-30 16:45:30 WORKER EXIT UNEXPECTED 
2016-07-30 16:45:30 worker[none:475] exit with status 64000
2016-07-30 16:45:30 WORKER EXIT UNEXPECTED 
2016-07-30 16:45:30 worker[none:476] exit with status 64000
2016-07-30 16:45:30 WORKER EXIT UNEXPECTED 
2016-07-30 16:45:30 worker[none:477] exit with status 64000
2016-07-30 16:45:30 WORKER EXIT UNEXPECTED 
2016-07-30 16:45:30 worker[none:478] exit with status 64000
2016-07-30 16:45:30 WORKER EXIT UNEXPECTED 
2016-07-30 16:45:30 worker[none:479] exit with status 64000
2016-07-30 16:45:30 WORKER EXIT UNEXPECTED 
2016-07-30 16:45:30 worker[none:480] exit with status 64000
2016-07-30 16:45:30 WORKER EXIT UNEXPECTED 
2016-07-30 16:45:30 worker[none:481] exit with status 64000
2016-07-30 16:45:30 WORKER EXIT UNEXPECTED 
2016-07-30 16:45:30 worker[none:482] exit with status 64000
2016-07-30 16:45:30 WORKER EXIT UNEXPECTED 
2016-07-30 16:45:30 worker[none:483] exit with status 64000
2016-07-30 16:45:30 WORKER EXIT UNEXPECTED 
2016-07-30 16:45:30 worker[none:484] exit with status 64000
2016-07-30 16:45:30 WORKER EXIT UNEXPECTED 
2016-07-30 16:45:30 worker[none:485] exit with status 64000
2016-07-30 16:45:30 WORKER EXIT UNEXPECTED 
2016-07-30 16:45:30 worker[none:486] exit with status 64000
2016-07-30 16:45:30 WORKER EXIT UNEXPECTED 
2016-07-30 16:45:30 worker[none:487] exit with status 64000
2016-07-30 16:45:30 WORKER EXIT UNEXPECTED 
2016-07-30 16:45:30 worker[none:488] exit with status 64000
2016-07-30 16:45:30 WORKER EXIT UNEXPECTED 
2016-07-30 16:45:30 worker[none:489] exit with status 64000
2016-07-30 16:45:30 WORKER EXIT UNEXPECTED 
2016-07-30 16:45:30 worker[none:490] exit with status 64000
2016-07-30 16:45:30 WORKER EXIT UNEXPECTED 
2016-07-30 16:45:30 worker[none:491] exit with status 64000
2016-07-30 16:45:30 WORKER EXIT UNEXPECTED 
2016-07-30 16:45:30 worker[none:492] exit with status 64000
2016-07-30 16:45:30 WORKER EXIT UNEXPECTED 
2016-07-30 16:45:30 worker[none:493] exit with status 64000
2016-07-30 16:45:30 WORKER EXIT UNEXPECTED 
2016-07-30 16:45:30 worker[none:494] exit with status 64000
2016-07-30 16:45:30 WORKER EXIT UNEXPECTED 
2016-07-30 16:45:30 worker[none:495] exit with status 64000
2016-07-30 16:45:30 WORKER EXIT UNEXPECTED 
2016-07-30 16:45:30 worker[none:496] exit with status 64000
2016-07-30 16:45:30 WORKER EXIT UNEXPECTED 
2016-07-30 16:45:30 worker[none:497] exit with status 64000
2016-07-30 16:45:30 WORKER EXIT UNEXPECTED 
2016-07-30 16:45:31 worker[none:498] exit with status 64000
2016-07-30 16:45:31 WORKER EXIT UNEXPECTED 
2016-07-30 16:45:31 worker[none:499] exit with status 64000
2016-07-30 16:45:31 WORKER EXIT UNEXPECTED 
2016-07-30 16:45:31 worker[none:500] exit with status 64000
2016-07-30 16:45:31 WORKER EXIT UNEXPECTED 
2016-07-30 16:45:31 worker[none:501] exit with status 64000
2016-07-30 16:45:31 WORKER EXIT UNEXPECTED 
2016-07-30 16:45:31 worker[none:502] exit with status 64000
2016-07-30 16:45:31 WORKER EXIT UNEXPECTED 
2016-07-30 16:45:31 worker[none:503] exit with status 64000
2016-07-30 16:45:31 WORKER EXIT UNEXPECTED 
2016-07-30 16:45:31 worker[none:504] exit with status 64000
2016-07-30 16:45:31 WORKER EXIT UNEXPECTED 
2016-07-30 16:45:31 worker[none:505] exit with status 64000
2016-07-30 16:45:31 WORKER EXIT UNEXPECTED 
2016-07-30 16:45:31 worker[none:506] exit with status 64000
2016-07-30 16:45:31 WORKER EXIT UNEXPECTED 
2016-07-30 16:45:31 worker[none:507] exit with status 64000
2016-07-30 16:45:31 WORKER EXIT UNEXPECTED 
2016-07-30 16:45:31 worker[none:508] exit with status 64000
2016-07-30 16:45:31 WORKER EXIT UNEXPECTED 
2016-07-30 16:45:31 worker[none:509] exit with status 64000
2016-07-30 16:45:31 WORKER EXIT UNEXPECTED 
2016-07-30 16:45:31 worker[none:510] exit with status 64000
2016-07-30 16:45:31 WORKER EXIT UNEXPECTED 
2016-07-30 16:45:31 worker[none:511] exit with status 64000
2016-07-30 16:45:31 WORKER EXIT UNEXPECTED 
2016-07-30 16:45:31 worker[none:512] exit with status 64000
2016-07-30 16:45:31 WORKER EXIT UNEXPECTED 
2016-07-30 16:45:31 worker[none:513] exit with status 64000
2016-07-30 16:45:31 WORKER EXIT UNEXPECTED 
2016-07-30 16:45:31 worker[none:515] exit with status 64000
2016-07-30 16:45:31 WORKER EXIT UNEXPECTED 
2016-07-30 16:45:31 worker[none:516] exit with status 64000
2016-07-30 16:45:31 WORKER EXIT UNEXPECTED 
2016-07-30 16:45:31 worker[none:517] exit with status 64000
2016-07-30 16:45:31 WORKER EXIT UNEXPECTED 
2016-07-30 16:45:31 worker[none:518] exit with status 64000
2016-07-30 16:45:31 WORKER EXIT UNEXPECTED 
2016-07-30 16:45:31 worker[none:519] exit with status 64000
2016-07-30 16:45:31 WORKER EXIT UNEXPECTED 
2016-07-30 16:45:31 worker[none:520] exit with status 64000
2016-07-30 16:45:31 WORKER EXIT UNEXPECTED 
2016-07-30 16:45:31 worker[none:521] exit with status 64000
2016-07-30 16:45:31 WORKER EXIT UNEXPECTED 
2016-07-30 16:45:31 worker[none:522] exit with status 64000
2016-07-30 16:45:31 WORKER EXIT UNEXPECTED 
2016-07-30 16:45:31 worker[none:523] exit with status 64000
2016-07-30 16:45:31 WORKER EXIT UNEXPECTED 
2016-07-30 16:45:31 worker[none:524] exit with status 64000
2016-07-30 16:45:31 WORKER EXIT UNEXPECTED 
2016-07-30 16:45:31 worker[none:525] exit with status 64000
2016-07-30 16:45:31 WORKER EXIT UNEXPECTED 
2016-07-30 16:45:31 worker[none:526] exit with status 64000
2016-07-30 16:45:31 WORKER EXIT UNEXPECTED 
2016-07-30 16:45:31 worker[none:527] exit with status 64000
2016-07-30 16:45:31 WORKER EXIT UNEXPECTED 
2016-07-30 16:45:31 worker[none:528] exit with status 64000
2016-07-30 16:45:31 WORKER EXIT UNEXPECTED 
2016-07-30 16:45:31 worker[none:529] exit with status 64000
2016-07-30 16:45:31 WORKER EXIT UNEXPECTED 
2016-07-30 16:45:31 worker[none:530] exit with status 64000
2016-07-30 16:45:31 WORKER EXIT UNEXPECTED 
2016-07-30 16:45:31 worker[none:531] exit with status 64000
2016-07-30 16:45:31 WORKER EXIT UNEXPECTED 
2016-07-30 16:45:31 worker[none:532] exit with status 64000
2016-07-30 16:45:31 WORKER EXIT UNEXPECTED 
2016-07-30 16:45:31 worker[none:533] exit with status 64000
2016-07-30 16:45:31 WORKER EXIT UNEXPECTED 
2016-07-30 16:45:31 worker[none:534] exit with status 64000
2016-07-30 16:45:31 WORKER EXIT UNEXPECTED 
2016-07-30 16:45:31 worker[none:535] exit with status 64000
2016-07-30 16:45:31 WORKER EXIT UNEXPECTED 
2016-07-30 16:45:31 worker[none:536] exit with status 64000
2016-07-30 16:45:31 WORKER EXIT UNEXPECTED 
2016-07-30 16:45:31 worker[none:537] exit with status 64000
2016-07-30 16:45:31 WORKER EXIT UNEXPECTED 
2016-07-30 16:45:31 worker[none:538] exit with status 64000
2016-07-30 16:45:31 WORKER EXIT UNEXPECTED 
2016-07-30 16:45:31 worker[none:539] exit with status 64000
2016-07-30 16:45:31 WORKER EXIT UNEXPECTED 
2016-07-30 16:45:31 worker[none:540] exit with status 64000
2016-07-30 16:45:31 WORKER EXIT UNEXPECTED 
2016-07-30 16:45:31 worker[none:541] exit with status 64000
2016-07-30 16:45:31 WORKER EXIT UNEXPECTED 
2016-07-30 16:45:31 worker[none:542] exit with status 64000
2016-07-30 16:45:31 WORKER EXIT UNEXPECTED 
2016-07-30 16:45:31 worker[none:543] exit with status 64000
2016-07-30 16:45:31 WORKER EXIT UNEXPECTED 
2016-07-30 16:45:31 worker[none:544] exit with status 64000
2016-07-30 16:45:31 WORKER EXIT UNEXPECTED 
2016-07-30 16:45:31 worker[none:545] exit with status 64000
2016-07-30 16:45:31 WORKER EXIT UNEXPECTED 
2016-07-30 16:45:31 worker[none:546] exit with status 64000
2016-07-30 16:45:31 WORKER EXIT UNEXPECTED 
2016-07-30 16:45:31 worker[none:547] exit with status 64000
2016-07-30 16:45:31 WORKER EXIT UNEXPECTED 
2016-07-30 16:45:31 worker[none:548] exit with status 64000
2016-07-30 16:45:31 WORKER EXIT UNEXPECTED 
2016-07-30 16:45:31 worker[none:549] exit with status 64000
2016-07-30 16:45:31 WORKER EXIT UNEXPECTED 
2016-07-30 16:45:31 worker[none:550] exit with status 64000
2016-07-30 16:45:31 WORKER EXIT UNEXPECTED 
2016-07-30 16:45:31 worker[none:551] exit with status 64000
2016-07-30 16:45:31 WORKER EXIT UNEXPECTED 
2016-07-30 16:45:31 worker[none:552] exit with status 64000
2016-07-30 16:45:31 WORKER EXIT UNEXPECTED 
2016-07-30 16:45:31 worker[none:553] exit with status 64000
2016-07-30 16:45:31 WORKER EXIT UNEXPECTED 
2016-07-30 16:45:31 worker[none:554] exit with status 64000
2016-07-30 16:45:31 WORKER EXIT UNEXPECTED 
2016-07-30 16:45:31 worker[none:555] exit with status 64000
2016-07-30 16:45:31 WORKER EXIT UNEXPECTED 
2016-07-30 16:45:31 worker[none:556] exit with status 64000
2016-07-30 16:45:31 WORKER EXIT UNEXPECTED 
2016-07-30 16:45:31 worker[none:557] exit with status 64000
2016-07-30 16:45:31 WORKER EXIT UNEXPECTED 
2016-07-30 16:45:31 worker[none:558] exit with status 64000
2016-07-30 16:45:31 WORKER EXIT UNEXPECTED 
2016-07-30 16:45:31 worker[none:559] exit with status 64000
2016-07-30 16:45:31 WORKER EXIT UNEXPECTED 
2016-07-30 16:45:31 worker[none:560] exit with status 64000
2016-07-30 16:45:31 WORKER EXIT UNEXPECTED 
2016-07-30 16:45:31 worker[none:561] exit with status 64000
2016-07-30 16:45:31 WORKER EXIT UNEXPECTED 
2016-07-30 16:45:31 worker[none:562] exit with status 64000
2016-07-30 16:45:31 WORKER EXIT UNEXPECTED 
2016-07-30 16:45:31 worker[none:563] exit with status 64000
2016-07-30 16:45:31 WORKER EXIT UNEXPECTED 
2016-07-30 16:45:31 worker[none:564] exit with status 64000
2016-07-30 16:45:31 WORKER EXIT UNEXPECTED 
2016-07-30 16:45:31 worker[none:565] exit with status 64000
2016-07-30 16:45:31 WORKER EXIT UNEXPECTED 
2016-07-30 16:45:31 worker[none:566] exit with status 64000
2016-07-30 16:45:31 WORKER EXIT UNEXPECTED 
2016-07-30 16:45:31 worker[none:567] exit with status 64000
2016-07-30 16:45:31 WORKER EXIT UNEXPECTED 
2016-07-30 16:45:31 worker[none:568] exit with status 64000
2016-07-30 16:45:31 WORKER EXIT UNEXPECTED 
2016-07-30 16:45:31 worker[none:569] exit with status 64000
2016-07-30 16:45:31 WORKER EXIT UNEXPECTED 
2016-07-30 16:45:31 worker[none:570] exit with status 64000
2016-07-30 16:45:31 WORKER EXIT UNEXPECTED 
2016-07-30 16:45:31 worker[none:571] exit with status 64000
2016-07-30 16:45:31 WORKER EXIT UNEXPECTED 
2016-07-30 16:45:31 worker[none:572] exit with status 64000
2016-07-30 16:45:31 WORKER EXIT UNEXPECTED 
2016-07-30 16:45:31 worker[none:573] exit with status 64000
2016-07-30 16:45:31 WORKER EXIT UNEXPECTED 
2016-07-30 16:45:31 worker[none:574] exit with status 64000
2016-07-30 16:45:31 WORKER EXIT UNEXPECTED 
2016-07-30 16:45:31 worker[none:575] exit with status 64000
2016-07-30 16:45:31 WORKER EXIT UNEXPECTED 
2016-07-30 16:45:31 worker[none:576] exit with status 64000
2016-07-30 16:45:31 WORKER EXIT UNEXPECTED 
2016-07-30 16:45:31 worker[none:577] exit with status 64000
2016-07-30 16:45:31 WORKER EXIT UNEXPECTED 
2016-07-30 16:45:31 worker[none:578] exit with status 64000
2016-07-30 16:45:31 WORKER EXIT UNEXPECTED 
2016-07-30 16:45:31 worker[none:579] exit with status 64000
2016-07-30 16:45:31 WORKER EXIT UNEXPECTED 
2016-07-30 16:45:31 worker[none:580] exit with status 64000
2016-07-30 16:45:31 WORKER EXIT UNEXPECTED 
2016-07-30 16:45:31 worker[none:581] exit with status 64000
2016-07-30 16:45:31 WORKER EXIT UNEXPECTED 
2016-07-30 16:45:31 worker[none:582] exit with status 64000
2016-07-30 16:45:31 WORKER EXIT UNEXPECTED 
2016-07-30 16:45:31 worker[none:583] exit with status 64000
2016-07-30 16:45:31 WORKER EXIT UNEXPECTED 
2016-07-30 16:45:31 worker[none:584] exit with status 64000
2016-07-30 16:45:31 WORKER EXIT UNEXPECTED 
2016-07-30 16:45:31 worker[none:585] exit with status 64000
2016-07-30 16:45:31 WORKER EXIT UNEXPECTED 
2016-07-30 16:45:31 worker[none:586] exit with status 64000
2016-07-30 16:45:31 WORKER EXIT UNEXPECTED 
2016-07-30 16:45:31 worker[none:587] exit with status 64000
2016-07-30 16:45:31 WORKER EXIT UNEXPECTED 
2016-07-30 16:45:31 worker[none:588] exit with status 64000
2016-07-30 16:45:31 WORKER EXIT UNEXPECTED 
2016-07-30 16:45:31 worker[none:589] exit with status 64000
2016-07-30 16:45:31 WORKER EXIT UNEXPECTED 
2016-07-30 16:45:31 worker[none:590] exit with status 64000
2016-07-30 16:45:31 WORKER EXIT UNEXPECTED 
2016-07-30 16:45:31 worker[none:591] exit with status 64000
2016-07-30 16:45:31 WORKER EXIT UNEXPECTED 
2016-07-30 16:45:31 worker[none:592] exit with status 64000
2016-07-30 16:45:31 WORKER EXIT UNEXPECTED 
2016-07-30 16:45:31 worker[none:593] exit with status 64000
2016-07-30 16:45:31 WORKER EXIT UNEXPECTED 
2016-07-30 16:45:31 worker[none:594] exit with status 64000
2016-07-30 16:45:31 WORKER EXIT UNEXPECTED 
2016-07-30 16:45:31 worker[none:595] exit with status 64000
2016-07-30 16:45:31 WORKER EXIT UNEXPECTED 
2016-07-30 16:45:31 worker[none:596] exit with status 64000
2016-07-30 16:45:31 WORKER EXIT UNEXPECTED 
2016-07-30 16:45:31 worker[none:597] exit with status 64000
2016-07-30 16:45:31 WORKER EXIT UNEXPECTED 
2016-07-30 16:45:31 worker[none:598] exit with status 64000
2016-07-30 16:45:31 WORKER EXIT UNEXPECTED 
2016-07-30 16:45:31 worker[none:599] exit with status 64000
2016-07-30 16:45:31 WORKER EXIT UNEXPECTED 
2016-07-30 16:45:32 worker[none:600] exit with status 64000
2016-07-30 16:45:32 WORKER EXIT UNEXPECTED 
2016-07-30 16:45:32 worker[none:601] exit with status 64000
2016-07-30 16:45:32 WORKER EXIT UNEXPECTED 
2016-07-30 16:45:32 worker[none:602] exit with status 64000
2016-07-30 16:45:32 WORKER EXIT UNEXPECTED 
2016-07-30 16:45:32 worker[none:603] exit with status 64000
2016-07-30 16:45:32 WORKER EXIT UNEXPECTED 
2016-07-30 16:45:32 worker[none:604] exit with status 64000
2016-07-30 16:45:32 WORKER EXIT UNEXPECTED 
2016-07-30 16:45:32 worker[none:605] exit with status 64000
2016-07-30 16:45:32 WORKER EXIT UNEXPECTED 
2016-07-30 16:45:32 worker[none:606] exit with status 64000
2016-07-30 16:45:32 WORKER EXIT UNEXPECTED 
2016-07-30 16:45:32 worker[none:607] exit with status 64000
2016-07-30 16:45:32 WORKER EXIT UNEXPECTED 
2016-07-30 16:45:32 worker[none:608] exit with status 64000
2016-07-30 16:45:32 WORKER EXIT UNEXPECTED 
2016-07-30 16:45:32 worker[none:609] exit with status 64000
2016-07-30 16:45:32 WORKER EXIT UNEXPECTED 
2016-07-30 16:45:32 worker[none:610] exit with status 64000
2016-07-30 16:45:32 WORKER EXIT UNEXPECTED 
2016-07-30 16:45:32 worker[none:611] exit with status 64000
2016-07-30 16:45:32 WORKER EXIT UNEXPECTED 
2016-07-30 16:45:32 worker[none:612] exit with status 64000
2016-07-30 16:45:32 WORKER EXIT UNEXPECTED 
2016-07-30 16:45:32 worker[none:613] exit with status 64000
2016-07-30 16:45:32 WORKER EXIT UNEXPECTED 
2016-07-30 16:45:32 worker[none:614] exit with status 64000
2016-07-30 16:45:32 WORKER EXIT UNEXPECTED 
2016-07-30 16:45:32 worker[none:615] exit with status 64000
2016-07-30 16:45:32 WORKER EXIT UNEXPECTED 
2016-07-30 16:45:32 worker[none:616] exit with status 64000
2016-07-30 16:45:32 WORKER EXIT UNEXPECTED 
2016-07-30 16:45:32 worker[none:617] exit with status 64000
2016-07-30 16:45:32 WORKER EXIT UNEXPECTED 
2016-07-30 16:45:32 worker[none:618] exit with status 64000
2016-07-30 16:45:32 WORKER EXIT UNEXPECTED 
2016-07-30 16:45:32 worker[none:619] exit with status 64000
2016-07-30 16:45:32 WORKER EXIT UNEXPECTED 
2016-07-30 16:45:32 worker[none:620] exit with status 64000
2016-07-30 16:45:32 WORKER EXIT UNEXPECTED 
2016-07-30 16:45:32 worker[none:621] exit with status 64000
2016-07-30 16:45:32 WORKER EXIT UNEXPECTED 
2016-07-30 16:45:32 worker[none:623] exit with status 64000
2016-07-30 16:45:32 WORKER EXIT UNEXPECTED 
2016-07-30 16:45:32 worker[none:632] exit with status 64000
2016-07-30 16:45:32 WORKER EXIT UNEXPECTED 
2016-07-30 16:45:32 worker[none:633] exit with status 64000
2016-07-30 16:45:32 WORKER EXIT UNEXPECTED 
2016-07-30 16:45:32 worker[none:634] exit with status 64000
2016-07-30 16:45:32 WORKER EXIT UNEXPECTED 
2016-07-30 16:45:32 worker[none:635] exit with status 64000
2016-07-30 16:45:32 WORKER EXIT UNEXPECTED 
2016-07-30 16:45:32 worker[none:636] exit with status 64000
2016-07-30 16:45:32 WORKER EXIT UNEXPECTED 
2016-07-30 16:45:32 worker[none:637] exit with status 64000
2016-07-30 16:45:32 WORKER EXIT UNEXPECTED 
2016-07-30 16:45:32 worker[none:638] exit with status 64000
2016-07-30 16:45:32 WORKER EXIT UNEXPECTED 
2016-07-30 16:45:32 worker[none:639] exit with status 64000
2016-07-30 16:45:32 WORKER EXIT UNEXPECTED 
2016-07-30 16:45:32 worker[none:640] exit with status 64000
2016-07-30 16:45:32 WORKER EXIT UNEXPECTED 
2016-07-30 16:45:32 worker[none:641] exit with status 64000
2016-07-30 16:45:32 WORKER EXIT UNEXPECTED 
2016-07-30 16:45:32 worker[none:642] exit with status 64000
2016-07-30 16:45:32 WORKER EXIT UNEXPECTED 
2016-07-30 16:45:32 worker[none:643] exit with status 64000
2016-07-30 16:45:32 WORKER EXIT UNEXPECTED 
2016-07-30 16:45:32 worker[none:644] exit with status 64000
2016-07-30 16:45:32 WORKER EXIT UNEXPECTED 
2016-07-30 16:45:32 worker[none:645] exit with status 64000
2016-07-30 16:45:32 WORKER EXIT UNEXPECTED 
2016-07-30 16:45:32 worker[none:646] exit with status 64000
2016-07-30 16:45:32 WORKER EXIT UNEXPECTED 
2016-07-30 16:45:32 worker[none:647] exit with status 64000
2016-07-30 16:45:32 WORKER EXIT UNEXPECTED 
2016-07-30 16:45:32 worker[none:648] exit with status 64000
2016-07-30 16:45:32 WORKER EXIT UNEXPECTED 
2016-07-30 16:45:32 worker[none:649] exit with status 64000
2016-07-30 16:45:32 WORKER EXIT UNEXPECTED 
2016-07-30 16:45:32 worker[none:650] exit with status 64000
2016-07-30 16:45:32 WORKER EXIT UNEXPECTED 
2016-07-30 16:45:32 worker[none:651] exit with status 64000
2016-07-30 16:45:32 WORKER EXIT UNEXPECTED 
2016-07-30 16:45:32 worker[none:652] exit with status 64000
2016-07-30 16:45:32 WORKER EXIT UNEXPECTED 
2016-07-30 16:45:32 worker[none:653] exit with status 64000
2016-07-30 16:45:32 WORKER EXIT UNEXPECTED 
2016-07-30 16:45:32 worker[none:654] exit with status 64000
2016-07-30 16:45:32 WORKER EXIT UNEXPECTED 
2016-07-30 16:45:32 worker[none:655] exit with status 64000
2016-07-30 16:45:32 WORKER EXIT UNEXPECTED 
2016-07-30 16:45:32 worker[none:658] exit with status 64000
2016-07-30 16:45:32 WORKER EXIT UNEXPECTED 
2016-07-30 16:45:32 worker[none:659] exit with status 64000
2016-07-30 16:45:32 WORKER EXIT UNEXPECTED 
2016-07-30 16:45:32 worker[none:660] exit with status 64000
2016-07-30 16:45:32 WORKER EXIT UNEXPECTED 
2016-07-30 16:45:32 worker[none:661] exit with status 64000
2016-07-30 16:45:32 WORKER EXIT UNEXPECTED 
2016-07-30 16:45:32 worker[none:662] exit with status 64000
2016-07-30 16:45:32 WORKER EXIT UNEXPECTED 
2016-07-30 16:45:32 worker[none:663] exit with status 64000
2016-07-30 16:45:32 WORKER EXIT UNEXPECTED 
2016-07-30 16:45:32 worker[none:664] exit with status 64000
2016-07-30 16:45:32 WORKER EXIT UNEXPECTED 
2016-07-30 16:45:32 worker[none:665] exit with status 64000
2016-07-30 16:45:32 WORKER EXIT UNEXPECTED 
2016-07-30 16:45:32 worker[none:666] exit with status 64000
2016-07-30 16:45:32 WORKER EXIT UNEXPECTED 
2016-07-30 16:45:32 worker[none:667] exit with status 64000
2016-07-30 16:45:32 WORKER EXIT UNEXPECTED 
2016-07-30 16:45:32 worker[none:668] exit with status 64000
2016-07-30 16:45:32 WORKER EXIT UNEXPECTED 
2016-07-30 16:45:32 worker[none:669] exit with status 64000
2016-07-30 16:45:32 WORKER EXIT UNEXPECTED 
2016-07-30 16:45:32 worker[none:670] exit with status 64000
2016-07-30 16:45:32 WORKER EXIT UNEXPECTED 
2016-07-30 16:45:32 worker[none:671] exit with status 64000
2016-07-30 16:45:32 WORKER EXIT UNEXPECTED 
2016-07-30 16:45:32 worker[none:672] exit with status 64000
2016-07-30 16:45:32 WORKER EXIT UNEXPECTED 
2016-07-30 16:45:32 worker[none:673] exit with status 64000
2016-07-30 16:45:32 WORKER EXIT UNEXPECTED 
2016-07-30 16:45:32 worker[none:674] exit with status 64000
2016-07-30 16:45:32 WORKER EXIT UNEXPECTED 
2016-07-30 16:45:32 worker[none:675] exit with status 64000
2016-07-30 16:45:32 WORKER EXIT UNEXPECTED 
2016-07-30 16:45:32 worker[none:676] exit with status 64000
2016-07-30 16:45:32 WORKER EXIT UNEXPECTED 
2016-07-30 16:45:32 worker[none:677] exit with status 64000
2016-07-30 16:45:32 WORKER EXIT UNEXPECTED 
2016-07-30 16:45:32 worker[none:678] exit with status 64000
2016-07-30 16:45:32 WORKER EXIT UNEXPECTED 
2016-07-30 16:45:32 worker[none:679] exit with status 64000
2016-07-30 16:45:32 WORKER EXIT UNEXPECTED 
2016-07-30 16:45:32 worker[none:680] exit with status 64000
2016-07-30 16:45:32 WORKER EXIT UNEXPECTED 
2016-07-30 16:45:32 worker[none:681] exit with status 64000
2016-07-30 16:45:32 WORKER EXIT UNEXPECTED 
2016-07-30 16:45:32 worker[none:682] exit with status 64000
2016-07-30 16:45:32 WORKER EXIT UNEXPECTED 
2016-07-30 16:45:32 worker[none:683] exit with status 64000
2016-07-30 16:45:32 WORKER EXIT UNEXPECTED 
2016-07-30 16:45:32 worker[none:684] exit with status 64000
2016-07-30 16:45:32 WORKER EXIT UNEXPECTED 
2016-07-30 16:45:32 worker[none:685] exit with status 64000
2016-07-30 16:45:32 WORKER EXIT UNEXPECTED 
2016-07-30 16:45:32 worker[none:686] exit with status 64000
2016-07-30 16:45:32 WORKER EXIT UNEXPECTED 
2016-07-30 16:45:32 worker[none:687] exit with status 64000
2016-07-30 16:45:32 WORKER EXIT UNEXPECTED 
2016-07-30 16:45:32 worker[none:688] exit with status 64000
2016-07-30 16:45:32 WORKER EXIT UNEXPECTED 
2016-07-30 16:45:32 worker[none:689] exit with status 64000
2016-07-30 16:45:32 WORKER EXIT UNEXPECTED 
2016-07-30 16:45:32 worker[none:690] exit with status 64000
2016-07-30 16:45:32 WORKER EXIT UNEXPECTED 
2016-07-30 16:45:32 worker[none:691] exit with status 64000
2016-07-30 16:45:32 WORKER EXIT UNEXPECTED 
2016-07-30 16:45:32 worker[none:692] exit with status 64000
2016-07-30 16:45:32 WORKER EXIT UNEXPECTED 
2016-07-30 16:45:32 worker[none:693] exit with status 64000
2016-07-30 16:45:32 WORKER EXIT UNEXPECTED 
2016-07-30 16:45:32 worker[none:694] exit with status 64000
2016-07-30 16:45:32 WORKER EXIT UNEXPECTED 
2016-07-30 16:45:32 worker[none:695] exit with status 64000
2016-07-30 16:45:32 WORKER EXIT UNEXPECTED 
2016-07-30 16:45:32 worker[none:696] exit with status 64000
2016-07-30 16:45:32 WORKER EXIT UNEXPECTED 
2016-07-30 16:45:32 worker[none:697] exit with status 64000
2016-07-30 16:45:32 WORKER EXIT UNEXPECTED 
2016-07-30 16:45:32 worker[none:700] exit with status 64000
2016-07-30 16:45:32 WORKER EXIT UNEXPECTED 
2016-07-30 16:45:32 worker[none:701] exit with status 64000
2016-07-30 16:45:32 WORKER EXIT UNEXPECTED 
2016-07-30 16:45:32 worker[none:705] exit with status 64000
2016-07-30 16:45:32 WORKER EXIT UNEXPECTED 
2016-07-30 16:45:32 worker[none:706] exit with status 64000
2016-07-30 16:45:32 WORKER EXIT UNEXPECTED 
2016-07-30 16:45:32 worker[none:707] exit with status 64000
2016-07-30 16:45:32 WORKER EXIT UNEXPECTED 
2016-07-30 16:45:32 worker[none:708] exit with status 64000
2016-07-30 16:45:32 WORKER EXIT UNEXPECTED 
2016-07-30 16:45:32 worker[none:709] exit with status 64000
2016-07-30 16:45:32 WORKER EXIT UNEXPECTED 
2016-07-30 16:45:32 worker[none:711] exit with status 64000
2016-07-30 16:45:32 WORKER EXIT UNEXPECTED 
2016-07-30 16:45:32 worker[none:712] exit with status 64000
2016-07-30 16:45:32 WORKER EXIT UNEXPECTED 
2016-07-30 16:45:32 worker[none:713] exit with status 64000
2016-07-30 16:45:32 WORKER EXIT UNEXPECTED 
2016-07-30 16:45:32 worker[none:714] exit with status 64000
2016-07-30 16:45:32 WORKER EXIT UNEXPECTED 
2016-07-30 16:45:32 worker[none:715] exit with status 64000
2016-07-30 16:45:32 WORKER EXIT UNEXPECTED 
2016-07-30 16:45:32 worker[none:716] exit with status 64000
2016-07-30 16:45:32 WORKER EXIT UNEXPECTED 
2016-07-30 16:45:32 worker[none:717] exit with status 64000
2016-07-30 16:45:32 WORKER EXIT UNEXPECTED 
2016-07-30 16:45:33 worker[none:718] exit with status 64000
2016-07-30 16:45:33 WORKER EXIT UNEXPECTED 
2016-07-30 16:45:33 worker[none:719] exit with status 64000
2016-07-30 16:45:33 WORKER EXIT UNEXPECTED 
2016-07-30 16:45:33 worker[none:720] exit with status 64000
2016-07-30 16:45:33 WORKER EXIT UNEXPECTED 
2016-07-30 16:45:33 worker[none:721] exit with status 64000
2016-07-30 16:45:33 WORKER EXIT UNEXPECTED 
2016-07-30 16:45:33 worker[none:722] exit with status 64000
2016-07-30 16:45:33 WORKER EXIT UNEXPECTED 
2016-07-30 16:45:33 worker[none:723] exit with status 64000
2016-07-30 16:45:33 WORKER EXIT UNEXPECTED 
2016-07-30 16:45:33 worker[none:724] exit with status 64000
2016-07-30 16:45:33 WORKER EXIT UNEXPECTED 
2016-07-30 16:45:33 worker[none:725] exit with status 64000
2016-07-30 16:45:33 WORKER EXIT UNEXPECTED 
2016-07-30 16:45:33 worker[none:726] exit with status 64000
2016-07-30 16:45:33 WORKER EXIT UNEXPECTED 
2016-07-30 16:45:33 worker[none:727] exit with status 64000
2016-07-30 16:45:33 WORKER EXIT UNEXPECTED 
2016-07-30 16:45:33 worker[none:728] exit with status 64000
2016-07-30 16:45:33 WORKER EXIT UNEXPECTED 
2016-07-30 16:45:33 worker[none:729] exit with status 64000
2016-07-30 16:45:33 WORKER EXIT UNEXPECTED 
2016-07-30 16:45:33 worker[none:730] exit with status 64000
2016-07-30 16:45:33 WORKER EXIT UNEXPECTED 
2016-07-30 16:45:33 worker[none:731] exit with status 64000
2016-07-30 16:45:33 WORKER EXIT UNEXPECTED 
2016-07-30 16:45:33 worker[none:732] exit with status 64000
2016-07-30 16:45:33 WORKER EXIT UNEXPECTED 
2016-07-30 16:45:33 worker[none:733] exit with status 64000
2016-07-30 16:45:33 WORKER EXIT UNEXPECTED 
2016-07-30 16:45:33 worker[none:734] exit with status 64000
2016-07-30 16:45:33 WORKER EXIT UNEXPECTED 
2016-07-30 16:45:33 Workerman[start.php] Stopping ...
2016-07-30 16:45:33 worker[none:735] exit with status 64000
2016-07-30 16:45:33 Workerman[start.php] has been stopped
2016-07-30 16:46:06 Workerman[start.php] start in DEBUG mode
2016-07-30 16:46:06 WORKER EXIT UNEXPECTED 
2016-07-30 16:46:06 worker[none:1045] exit with status 64000
2016-07-30 16:46:06 WORKER EXIT UNEXPECTED 
2016-07-30 16:46:07 worker[none:1046] exit with status 64000
2016-07-30 16:46:07 WORKER EXIT UNEXPECTED 
2016-07-30 16:46:07 worker[none:1047] exit with status 64000
2016-07-30 16:46:07 WORKER EXIT UNEXPECTED 
2016-07-30 16:46:07 worker[none:1048] exit with status 64000
2016-07-30 16:46:07 WORKER EXIT UNEXPECTED 
2016-07-30 16:46:07 worker[none:1049] exit with status 64000
2016-07-30 16:46:07 WORKER EXIT UNEXPECTED 
2016-07-30 16:46:07 worker[none:1050] exit with status 64000
2016-07-30 16:46:07 WORKER EXIT UNEXPECTED 
2016-07-30 16:46:07 worker[none:1051] exit with status 64000
2016-07-30 16:46:07 WORKER EXIT UNEXPECTED 
2016-07-30 16:46:07 worker[none:1052] exit with status 64000
2016-07-30 16:46:07 WORKER EXIT UNEXPECTED 
2016-07-30 16:46:07 worker[none:1053] exit with status 64000
2016-07-30 16:46:07 WORKER EXIT UNEXPECTED 
2016-07-30 16:46:07 worker[none:1054] exit with status 64000
2016-07-30 16:46:07 WORKER EXIT UNEXPECTED 
2016-07-30 16:46:07 worker[none:1055] exit with status 64000
2016-07-30 16:46:07 WORKER EXIT UNEXPECTED 
2016-07-30 16:46:07 worker[none:1056] exit with status 64000
2016-07-30 16:46:07 WORKER EXIT UNEXPECTED 
2016-07-30 16:46:07 worker[none:1057] exit with status 64000
2016-07-30 16:46:07 WORKER EXIT UNEXPECTED 
2016-07-30 16:46:07 worker[none:1058] exit with status 64000
2016-07-30 16:46:07 WORKER EXIT UNEXPECTED 
2016-07-30 16:46:07 worker[none:1059] exit with status 64000
2016-07-30 16:46:07 WORKER EXIT UNEXPECTED 
2016-07-30 16:46:07 worker[none:1060] exit with status 64000
2016-07-30 16:46:07 WORKER EXIT UNEXPECTED 
2016-07-30 16:46:07 worker[none:1061] exit with status 64000
2016-07-30 16:46:07 WORKER EXIT UNEXPECTED 
2016-07-30 16:46:07 worker[none:1062] exit with status 64000
2016-07-30 16:46:07 WORKER EXIT UNEXPECTED 
2016-07-30 16:46:07 worker[none:1063] exit with status 64000
2016-07-30 16:46:07 WORKER EXIT UNEXPECTED 
2016-07-30 16:46:07 worker[none:1064] exit with status 64000
2016-07-30 16:46:07 WORKER EXIT UNEXPECTED 
2016-07-30 16:46:07 worker[none:1065] exit with status 64000
2016-07-30 16:46:07 WORKER EXIT UNEXPECTED 
2016-07-30 16:46:07 worker[none:1066] exit with status 64000
2016-07-30 16:46:07 WORKER EXIT UNEXPECTED 
2016-07-30 16:46:07 worker[none:1067] exit with status 64000
2016-07-30 16:46:07 WORKER EXIT UNEXPECTED 
2016-07-30 16:46:07 worker[none:1068] exit with status 64000
2016-07-30 16:46:07 WORKER EXIT UNEXPECTED 
2016-07-30 16:46:07 worker[none:1069] exit with status 64000
2016-07-30 16:46:07 WORKER EXIT UNEXPECTED 
2016-07-30 16:46:07 worker[none:1070] exit with status 64000
2016-07-30 16:46:07 WORKER EXIT UNEXPECTED 
2016-07-30 16:46:07 worker[none:1071] exit with status 64000
2016-07-30 16:46:07 WORKER EXIT UNEXPECTED 
2016-07-30 16:46:07 worker[none:1072] exit with status 64000
2016-07-30 16:46:07 WORKER EXIT UNEXPECTED 
2016-07-30 16:46:07 worker[none:1073] exit with status 64000
2016-07-30 16:46:07 WORKER EXIT UNEXPECTED 
2016-07-30 16:46:07 worker[none:1074] exit with status 64000
2016-07-30 16:46:07 WORKER EXIT UNEXPECTED 
2016-07-30 16:46:07 worker[none:1075] exit with status 64000
2016-07-30 16:46:07 WORKER EXIT UNEXPECTED 
2016-07-30 16:46:07 worker[none:1076] exit with status 64000
2016-07-30 16:46:07 WORKER EXIT UNEXPECTED 
2016-07-30 16:46:07 worker[none:1077] exit with status 64000
2016-07-30 16:46:07 WORKER EXIT UNEXPECTED 
2016-07-30 16:46:07 worker[none:1078] exit with status 64000
2016-07-30 16:46:07 WORKER EXIT UNEXPECTED 
2016-07-30 16:46:07 worker[none:1080] exit with status 64000
2016-07-30 16:46:07 WORKER EXIT UNEXPECTED 
2016-07-30 16:46:07 worker[none:1081] exit with status 64000
2016-07-30 16:46:07 WORKER EXIT UNEXPECTED 
2016-07-30 16:46:07 worker[none:1082] exit with status 64000
2016-07-30 16:46:07 WORKER EXIT UNEXPECTED 
2016-07-30 16:46:07 worker[none:1083] exit with status 64000
2016-07-30 16:46:07 WORKER EXIT UNEXPECTED 
2016-07-30 16:46:07 worker[none:1084] exit with status 64000
2016-07-30 16:46:07 WORKER EXIT UNEXPECTED 
2016-07-30 16:46:07 worker[none:1085] exit with status 64000
2016-07-30 16:46:07 WORKER EXIT UNEXPECTED 
2016-07-30 16:46:07 worker[none:1086] exit with status 64000
2016-07-30 16:46:07 WORKER EXIT UNEXPECTED 
2016-07-30 16:46:07 worker[none:1087] exit with status 64000
2016-07-30 16:46:07 WORKER EXIT UNEXPECTED 
2016-07-30 16:46:07 worker[none:1088] exit with status 64000
2016-07-30 16:46:07 WORKER EXIT UNEXPECTED 
2016-07-30 16:46:07 worker[none:1089] exit with status 64000
2016-07-30 16:46:07 WORKER EXIT UNEXPECTED 
2016-07-30 16:46:07 worker[none:1090] exit with status 64000
2016-07-30 16:46:07 WORKER EXIT UNEXPECTED 
2016-07-30 16:46:07 worker[none:1091] exit with status 64000
2016-07-30 16:46:07 WORKER EXIT UNEXPECTED 
2016-07-30 16:46:07 worker[none:1092] exit with status 64000
2016-07-30 16:46:07 WORKER EXIT UNEXPECTED 
2016-07-30 16:46:07 worker[none:1093] exit with status 64000
2016-07-30 16:46:07 WORKER EXIT UNEXPECTED 
2016-07-30 16:46:07 worker[none:1094] exit with status 64000
2016-07-30 16:46:07 WORKER EXIT UNEXPECTED 
2016-07-30 16:46:07 worker[none:1095] exit with status 64000
2016-07-30 16:46:07 WORKER EXIT UNEXPECTED 
2016-07-30 16:46:07 worker[none:1096] exit with status 64000
2016-07-30 16:46:07 WORKER EXIT UNEXPECTED 
2016-07-30 16:46:07 worker[none:1097] exit with status 64000
2016-07-30 16:46:07 WORKER EXIT UNEXPECTED 
2016-07-30 16:46:07 worker[none:1098] exit with status 64000
2016-07-30 16:46:07 WORKER EXIT UNEXPECTED 
2016-07-30 16:46:07 worker[none:1099] exit with status 64000
2016-07-30 16:46:07 WORKER EXIT UNEXPECTED 
2016-07-30 16:46:07 worker[none:1100] exit with status 64000
2016-07-30 16:46:07 WORKER EXIT UNEXPECTED 
2016-07-30 16:46:07 worker[none:1101] exit with status 64000
2016-07-30 16:46:07 WORKER EXIT UNEXPECTED 
2016-07-30 16:46:07 worker[none:1102] exit with status 64000
2016-07-30 16:46:07 WORKER EXIT UNEXPECTED 
2016-07-30 16:46:07 worker[none:1103] exit with status 64000
2016-07-30 16:46:07 WORKER EXIT UNEXPECTED 
2016-07-30 16:46:07 worker[none:1104] exit with status 64000
2016-07-30 16:46:07 WORKER EXIT UNEXPECTED 
2016-07-30 16:46:07 worker[none:1105] exit with status 64000
2016-07-30 16:46:07 WORKER EXIT UNEXPECTED 
2016-07-30 16:46:07 worker[none:1106] exit with status 64000
2016-07-30 16:46:07 WORKER EXIT UNEXPECTED 
2016-07-30 16:46:07 worker[none:1107] exit with status 64000
2016-07-30 16:46:07 WORKER EXIT UNEXPECTED 
2016-07-30 16:46:07 worker[none:1108] exit with status 64000
2016-07-30 16:46:07 WORKER EXIT UNEXPECTED 
2016-07-30 16:46:07 worker[none:1109] exit with status 64000
2016-07-30 16:46:07 WORKER EXIT UNEXPECTED 
2016-07-30 16:46:07 worker[none:1110] exit with status 64000
2016-07-30 16:46:07 WORKER EXIT UNEXPECTED 
2016-07-30 16:46:07 worker[none:1111] exit with status 64000
2016-07-30 16:46:07 WORKER EXIT UNEXPECTED 
2016-07-30 16:46:07 worker[none:1112] exit with status 64000
2016-07-30 16:46:07 WORKER EXIT UNEXPECTED 
2016-07-30 16:46:07 worker[none:1113] exit with status 64000
2016-07-30 16:46:07 WORKER EXIT UNEXPECTED 
2016-07-30 16:46:07 worker[none:1114] exit with status 64000
2016-07-30 16:46:07 WORKER EXIT UNEXPECTED 
2016-07-30 16:46:07 worker[none:1115] exit with status 64000
2016-07-30 16:46:07 WORKER EXIT UNEXPECTED 
2016-07-30 16:46:07 worker[none:1116] exit with status 64000
2016-07-30 16:46:07 WORKER EXIT UNEXPECTED 
2016-07-30 16:46:07 worker[none:1118] exit with status 64000
2016-07-30 16:46:07 WORKER EXIT UNEXPECTED 
2016-07-30 16:46:07 worker[none:1119] exit with status 64000
2016-07-30 16:46:07 WORKER EXIT UNEXPECTED 
2016-07-30 16:46:07 worker[none:1120] exit with status 64000
2016-07-30 16:46:07 WORKER EXIT UNEXPECTED 
2016-07-30 16:46:07 worker[none:1122] exit with status 64000
2016-07-30 16:46:07 WORKER EXIT UNEXPECTED 
2016-07-30 16:46:07 worker[none:1123] exit with status 64000
2016-07-30 16:46:07 WORKER EXIT UNEXPECTED 
2016-07-30 16:46:07 worker[none:1124] exit with status 64000
2016-07-30 16:46:07 WORKER EXIT UNEXPECTED 
2016-07-30 16:46:07 worker[none:1125] exit with status 64000
2016-07-30 16:46:07 WORKER EXIT UNEXPECTED 
2016-07-30 16:46:07 worker[none:1126] exit with status 64000
2016-07-30 16:46:07 WORKER EXIT UNEXPECTED 
2016-07-30 16:46:07 worker[none:1127] exit with status 64000
2016-07-30 16:46:07 WORKER EXIT UNEXPECTED 
2016-07-30 16:46:07 worker[none:1128] exit with status 64000
2016-07-30 16:46:07 WORKER EXIT UNEXPECTED 
2016-07-30 16:46:07 worker[none:1129] exit with status 64000
2016-07-30 16:46:07 WORKER EXIT UNEXPECTED 
2016-07-30 16:46:07 worker[none:1130] exit with status 64000
2016-07-30 16:46:07 WORKER EXIT UNEXPECTED 
2016-07-30 16:46:07 worker[none:1131] exit with status 64000
2016-07-30 16:46:07 WORKER EXIT UNEXPECTED 
2016-07-30 16:46:07 worker[none:1133] exit with status 64000
2016-07-30 16:46:07 WORKER EXIT UNEXPECTED 
2016-07-30 16:46:07 worker[none:1135] exit with status 64000
2016-07-30 16:46:07 WORKER EXIT UNEXPECTED 
2016-07-30 16:46:07 worker[none:1136] exit with status 64000
2016-07-30 16:46:07 WORKER EXIT UNEXPECTED 
2016-07-30 16:46:07 worker[none:1137] exit with status 64000
2016-07-30 16:46:07 WORKER EXIT UNEXPECTED 
2016-07-30 16:46:07 worker[none:1139] exit with status 64000
2016-07-30 16:46:07 WORKER EXIT UNEXPECTED 
2016-07-30 16:46:07 worker[none:1140] exit with status 64000
2016-07-30 16:46:07 WORKER EXIT UNEXPECTED 
2016-07-30 16:46:07 worker[none:1141] exit with status 64000
2016-07-30 16:46:07 WORKER EXIT UNEXPECTED 
2016-07-30 16:46:07 worker[none:1142] exit with status 64000
2016-07-30 16:46:07 WORKER EXIT UNEXPECTED 
2016-07-30 16:46:07 worker[none:1143] exit with status 64000
2016-07-30 16:46:07 WORKER EXIT UNEXPECTED 
2016-07-30 16:46:07 worker[none:1144] exit with status 64000
2016-07-30 16:46:07 WORKER EXIT UNEXPECTED 
2016-07-30 16:46:07 worker[none:1145] exit with status 64000
2016-07-30 16:46:07 WORKER EXIT UNEXPECTED 
2016-07-30 16:46:07 worker[none:1146] exit with status 64000
2016-07-30 16:46:07 WORKER EXIT UNEXPECTED 
2016-07-30 16:46:07 worker[none:1147] exit with status 64000
2016-07-30 16:46:07 WORKER EXIT UNEXPECTED 
2016-07-30 16:46:07 worker[none:1148] exit with status 64000
2016-07-30 16:46:07 WORKER EXIT UNEXPECTED 
2016-07-30 16:46:07 worker[none:1149] exit with status 64000
2016-07-30 16:46:07 WORKER EXIT UNEXPECTED 
2016-07-30 16:46:07 worker[none:1150] exit with status 64000
2016-07-30 16:46:07 WORKER EXIT UNEXPECTED 
2016-07-30 16:46:07 worker[none:1151] exit with status 64000
2016-07-30 16:46:07 WORKER EXIT UNEXPECTED 
2016-07-30 16:46:08 worker[none:1152] exit with status 64000
2016-07-30 16:46:08 WORKER EXIT UNEXPECTED 
2016-07-30 16:46:08 worker[none:1153] exit with status 64000
2016-07-30 16:46:08 WORKER EXIT UNEXPECTED 
2016-07-30 16:46:08 worker[none:1154] exit with status 64000
2016-07-30 16:46:08 WORKER EXIT UNEXPECTED 
2016-07-30 16:46:08 worker[none:1155] exit with status 64000
2016-07-30 16:46:08 WORKER EXIT UNEXPECTED 
2016-07-30 16:46:08 worker[none:1156] exit with status 64000
2016-07-30 16:46:08 WORKER EXIT UNEXPECTED 
2016-07-30 16:46:08 worker[none:1157] exit with status 64000
2016-07-30 16:46:08 WORKER EXIT UNEXPECTED 
2016-07-30 16:46:08 Workerman[start.php] Stopping ...
2016-07-30 16:46:08 worker[none:1158] exit with status 64000
2016-07-30 16:46:08 Workerman[start.php] has been stopped
2016-07-30 16:46:29 Workerman[start.php] start in DEBUG mode
2016-07-30 16:46:46 Workerman[start.php] Stopping ...
2016-07-30 16:46:46 Workerman[start.php] has been stopped
2016-07-30 16:50:10 Workerman[start.php] start in DEBUG mode
